# JRE version: Java(TM) SE Runtime Environment (8.0_11-b12) (build 1.8.0_11-b12)
# Java VM: Java HotSpot(TM) 64-Bit Server VM (25.11-b03 mixed mode windows-amd64 compressed oops)
Heap:
 PSYoungGen      total 297984K, used 226117K [0x00000000eab00000, 0x0000000100000000, 0x0000000100000000)
  eden space 256000K, 88% used [0x00000000eab00000,0x00000000f87d1630,0x00000000fa500000)
  from space 41984K, 0% used [0x00000000fa500000,0x00000000fa500000,0x00000000fce00000)
  to   space 50176K, 0% used [0x00000000fcf00000,0x00000000fcf00000,0x0000000100000000)
 ParOldGen       total 211968K, used 113464K [0x00000000c0000000, 0x00000000ccf00000, 0x00000000eab00000)
  object space 211968K, 53% used [0x00000000c0000000,0x00000000c6ece288,0x00000000ccf00000)
 Metaspace       used 95976K, capacity 101620K, committed 132736K, reserved 1157120K
  class space    used 13249K, capacity 15196K, committed 24960K, reserved 1048576K
GC Heap History (10 events):
Event: 8120.718 GC heap before
{Heap before GC invocations=103 (full 31):
 PSYoungGen      total 303616K, used 19695K [0x00000000eab00000, 0x00000000ffc80000, 0x0000000100000000)
  eden space 262656K, 0% used [0x00000000eab00000,0x00000000eab00000,0x00000000fab80000)
  from space 40960K, 48% used [0x00000000fd480000,0x00000000fe7bbe58,0x00000000ffc80000)
  to   space 41472K, 0% used [0x00000000fab80000,0x00000000fab80000,0x00000000fd400000)
 ParOldGen       total 211968K, used 81973K [0x00000000c0000000, 0x00000000ccf00000, 0x00000000eab00000)
  object space 211968K, 38% used [0x00000000c0000000,0x00000000c500d7e0,0x00000000ccf00000)
 Metaspace       used 75970K, capacity 80279K, committed 132736K, reserved 1157120K
  class space    used 10446K, capacity 11949K, committed 24960K, reserved 1048576K
Event: 8121.421 GC heap after
Heap after GC invocations=103 (full 31):
 PSYoungGen      total 303616K, used 0K [0x00000000eab00000, 0x00000000ffc80000, 0x0000000100000000)
  eden space 262656K, 0% used [0x00000000eab00000,0x00000000eab00000,0x00000000fab80000)
  from space 40960K, 0% used [0x00000000fd480000,0x00000000fd480000,0x00000000ffc80000)
  to   space 41472K, 0% used [0x00000000fab80000,0x00000000fab80000,0x00000000fd400000)
 ParOldGen       total 211968K, used 99892K [0x00000000c0000000, 0x00000000ccf00000, 0x00000000eab00000)
  object space 211968K, 47% used [0x00000000c0000000,0x00000000c618d3b8,0x00000000ccf00000)
 Metaspace       used 75937K, capacity 80165K, committed 132736K, reserved 1157120K
  class space    used 10438K, capacity 11915K, committed 24960K, reserved 1048576K
}
Event: 8220.958 GC heap before
{Heap before GC invocations=104 (full 31):
 PSYoungGen      total 303616K, used 262656K [0x00000000eab00000, 0x00000000ffc80000, 0x0000000100000000)
  eden space 262656K, 100% used [0x00000000eab00000,0x00000000fab80000,0x00000000fab80000)
  from space 40960K, 0% used [0x00000000fd480000,0x00000000fd480000,0x00000000ffc80000)
  to   space 41472K, 0% used [0x00000000fab80000,0x00000000fab80000,0x00000000fd400000)
 ParOldGen       total 211968K, used 99892K [0x00000000c0000000, 0x00000000ccf00000, 0x00000000eab00000)
  object space 211968K, 47% used [0x00000000c0000000,0x00000000c618d3b8,0x00000000ccf00000)
 Metaspace       used 82326K, capacity 87464K, committed 132736K, reserved 1157120K
  class space    used 11418K, capacity 13225K, committed 24960K, reserved 1048576K
Event: 8221.012 GC heap after
Heap after GC invocations=104 (full 31):
 PSYoungGen      total 304128K, used 26887K [0x00000000eab00000, 0x00000000ffe80000, 0x0000000100000000)
  eden space 262656K, 0% used [0x00000000eab00000,0x00000000eab00000,0x00000000fab80000)
  from space 41472K, 64% used [0x00000000fab80000,0x00000000fc5c1f30,0x00000000fd400000)
  to   space 40448K, 0% used [0x00000000fd700000,0x00000000fd700000,0x00000000ffe80000)
 ParOldGen       total 211968K, used 99892K [0x00000000c0000000, 0x00000000ccf00000, 0x00000000eab00000)
  object space 211968K, 47% used [0x00000000c0000000,0x00000000c618d3b8,0x00000000ccf00000)
 Metaspace       used 82326K, capacity 87464K, committed 132736K, reserved 1157120K
  class space    used 11418K, capacity 13225K, committed 24960K, reserved 1048576K
}
Event: 8873.505 GC heap before
{Heap before GC invocations=105 (full 31):
 PSYoungGen      total 304128K, used 289543K [0x00000000eab00000, 0x00000000ffe80000, 0x0000000100000000)
  eden space 262656K, 100% used [0x00000000eab00000,0x00000000fab80000,0x00000000fab80000)
  from space 41472K, 64% used [0x00000000fab80000,0x00000000fc5c1f30,0x00000000fd400000)
  to   space 40448K, 0% used [0x00000000fd700000,0x00000000fd700000,0x00000000ffe80000)
 ParOldGen       total 211968K, used 99892K [0x00000000c0000000, 0x00000000ccf00000, 0x00000000eab00000)
  object space 211968K, 47% used [0x00000000c0000000,0x00000000c618d3b8,0x00000000ccf00000)
 Metaspace       used 89654K, capacity 95593K, committed 132736K, reserved 1157120K
  class space    used 12526K, capacity 14589K, committed 24960K, reserved 1048576K
Event: 8874.398 GC heap after
Heap after GC invocations=105 (full 31):
 PSYoungGen      total 296448K, used 40440K [0x00000000eab00000, 0x0000000100000000, 0x0000000100000000)
  eden space 256000K, 0% used [0x00000000eab00000,0x00000000eab00000,0x00000000fa500000)
  from space 40448K, 99% used [0x00000000fd700000,0x00000000ffe7e218,0x00000000ffe80000)
  to   space 46592K, 0% used [0x00000000fa500000,0x00000000fa500000,0x00000000fd280000)
 ParOldGen       total 211968K, used 105702K [0x00000000c0000000, 0x00000000ccf00000, 0x00000000eab00000)
  object space 211968K, 49% used [0x00000000c0000000,0x00000000c6739ad8,0x00000000ccf00000)
 Metaspace       used 89654K, capacity 95593K, committed 132736K, reserved 1157120K
  class space    used 12526K, capacity 14589K, committed 24960K, reserved 1048576K
}
Event: 8883.103 GC heap before
{Heap before GC invocations=106 (full 31):
 PSYoungGen      total 296448K, used 86181K [0x00000000eab00000, 0x0000000100000000, 0x0000000100000000)
  eden space 256000K, 17% used [0x00000000eab00000,0x00000000ed7ab380,0x00000000fa500000)
  from space 40448K, 99% used [0x00000000fd700000,0x00000000ffe7e218,0x00000000ffe80000)
  to   space 46592K, 0% used [0x00000000fa500000,0x00000000fa500000,0x00000000fd280000)
 ParOldGen       total 211968K, used 105702K [0x00000000c0000000, 0x00000000ccf00000, 0x00000000eab00000)
  object space 211968K, 49% used [0x00000000c0000000,0x00000000c6739ad8,0x00000000ccf00000)
 Metaspace       used 90779K, capacity 96813K, committed 132736K, reserved 1157120K
  class space    used 12723K, capacity 14851K, committed 24960K, reserved 1048576K
Event: 8883.392 GC heap after
Heap after GC invocations=106 (full 31):
 PSYoungGen      total 297984K, used 41683K [0x00000000eab00000, 0x0000000100000000, 0x0000000100000000)
  eden space 256000K, 0% used [0x00000000eab00000,0x00000000eab00000,0x00000000fa500000)
  from space 41984K, 99% used [0x00000000fa500000,0x00000000fcdb4d90,0x00000000fce00000)
  to   space 50176K, 0% used [0x00000000fcf00000,0x00000000fcf00000,0x0000000100000000)
 ParOldGen       total 211968K, used 105702K [0x00000000c0000000, 0x00000000ccf00000, 0x00000000eab00000)
  object space 211968K, 49% used [0x00000000c0000000,0x00000000c6739ad8,0x00000000ccf00000)
 Metaspace       used 90779K, capacity 96813K, committed 132736K, reserved 1157120K
  class space    used 12723K, capacity 14851K, committed 24960K, reserved 1048576K
}
Event: 8883.392 GC heap before
{Heap before GC invocations=107 (full 32):
 PSYoungGen      total 297984K, used 41683K [0x00000000eab00000, 0x0000000100000000, 0x0000000100000000)
  eden space 256000K, 0% used [0x00000000eab00000,0x00000000eab00000,0x00000000fa500000)
  from space 41984K, 99% used [0x00000000fa500000,0x00000000fcdb4d90,0x00000000fce00000)
  to   space 50176K, 0% used [0x00000000fcf00000,0x00000000fcf00000,0x0000000100000000)
 ParOldGen       total 211968K, used 105702K [0x00000000c0000000, 0x00000000ccf00000, 0x00000000eab00000)
  object space 211968K, 49% used [0x00000000c0000000,0x00000000c6739ad8,0x00000000ccf00000)
 Metaspace       used 90779K, capacity 96813K, committed 132736K, reserved 1157120K
  class space    used 12723K, capacity 14851K, committed 24960K, reserved 1048576K
Event: 8887.437 GC heap after
Heap after GC invocations=107 (full 32):
 PSYoungGen      total 297984K, used 0K [0x00000000eab00000, 0x0000000100000000, 0x0000000100000000)
  eden space 256000K, 0% used [0x00000000eab00000,0x00000000eab00000,0x00000000fa500000)
  from space 41984K, 0% used [0x00000000fa500000,0x00000000fa500000,0x00000000fce00000)
  to   space 50176K, 0% used [0x00000000fcf00000,0x00000000fcf00000,0x0000000100000000)
 ParOldGen       total 211968K, used 113464K [0x00000000c0000000, 0x00000000ccf00000, 0x00000000eab00000)
  object space 211968K, 53% used [0x00000000c0000000,0x00000000c6ece288,0x00000000ccf00000)
 Metaspace       used 89586K, capacity 94255K, committed 132736K, reserved 1157120K
  class space    used 12275K, capacity 13887K, committed 24960K, reserved 1048576K
}

